<?xml version="1.0" encoding="UTF-8"?>
<coverage generated="1763984266520" clover="3.2.0">
  <project timestamp="1763984266520" name="All files">
    <metrics statements="52" coveredstatements="52" conditionals="24" coveredconditionals="21" methods="7" coveredmethods="7" elements="83" coveredelements="80" complexity="0" loc="52" ncloc="52" packages="1" files="1" classes="1"/>
    <file name="quicksort.js" path="C:\Users\Ahmed\Desktop\ai-task\src\quicksort.js">
      <metrics statements="52" coveredstatements="52" conditionals="24" coveredconditionals="21" methods="7" coveredmethods="7"/>
      <line num="13" count="22760" type="stmt"/>
      <line num="17" count="14" type="cond" truecount="1" falsecount="1"/>
      <line num="21" count="11760" type="stmt"/>
      <line num="22" count="11760" type="stmt"/>
      <line num="23" count="11760" type="stmt"/>
      <line num="31" count="1514" type="cond" truecount="2" falsecount="0"/>
      <line num="32" count="1514" type="stmt"/>
      <line num="33" count="1514" type="stmt"/>
      <line num="34" count="1514" type="stmt"/>
      <line num="35" count="22760" type="cond" truecount="2" falsecount="0"/>
      <line num="36" count="10246" type="stmt"/>
      <line num="37" count="10246" type="stmt"/>
      <line num="40" count="1514" type="stmt"/>
      <line num="41" count="1514" type="stmt"/>
      <line num="51" count="763" type="stmt"/>
      <line num="52" count="757" type="stmt"/>
      <line num="54" count="757" type="cond" truecount="2" falsecount="0"/>
      <line num="55" count="349" type="stmt"/>
      <line num="56" count="349" type="stmt"/>
      <line num="58" count="408" type="stmt"/>
      <line num="59" count="408" type="stmt"/>
      <line num="65" count="7" type="stmt"/>
      <line num="66" count="7" type="stmt"/>
      <line num="67" count="7" type="cond" truecount="1" falsecount="1"/>
      <line num="68" count="7" type="cond" truecount="2" falsecount="0"/>
      <line num="69" count="6" type="stmt"/>
      <line num="70" count="6" type="stmt"/>
      <line num="78" count="7" type="stmt"/>
      <line num="79" count="7" type="stmt"/>
      <line num="80" count="7" type="cond" truecount="1" falsecount="1"/>
      <line num="81" count="7" type="stmt"/>
      <line num="82" count="7" type="cond" truecount="2" falsecount="0"/>
      <line num="84" count="6" type="stmt"/>
      <line num="85" count="6" type="stmt"/>
      <line num="86" count="6" type="stmt"/>
      <line num="88" count="6" type="cond" truecount="2" falsecount="0"/>
      <line num="90" count="6" type="stmt"/>
      <line num="91" count="1520" type="stmt"/>
      <line num="92" count="1520" type="stmt"/>
      <line num="93" count="1520" type="cond" truecount="2" falsecount="0"/>
      <line num="94" count="757" type="stmt"/>
      <line num="96" count="757" type="cond" truecount="2" falsecount="0"/>
      <line num="97" count="352" type="stmt"/>
      <line num="98" count="352" type="stmt"/>
      <line num="99" count="352" type="stmt"/>
      <line num="100" count="352" type="stmt"/>
      <line num="102" count="405" type="stmt"/>
      <line num="103" count="405" type="stmt"/>
      <line num="104" count="405" type="stmt"/>
      <line num="105" count="405" type="stmt"/>
      <line num="109" count="6" type="stmt"/>
      <line num="112" count="1" type="stmt"/>
    </file>
  </project>
</coverage>
