{"C:\\Users\\Ahmed\\Desktop\\ai-task\\src\\quicksort.js": {"path":"C:\\Users\\Ahmed\\Desktop\\ai-task\\src\\quicksort.js","statementMap":{"0":{"start":{"line":13,"column":2},"end":{"line":13,"column":15}},"1":{"start":{"line":17,"column":2},"end":{"line":17,"column":73}},"2":{"start":{"line":17,"column":27},"end":{"line":17,"column":73}},"3":{"start":{"line":21,"column":12},"end":{"line":21,"column":18}},"4":{"start":{"line":22,"column":2},"end":{"line":22,"column":18}},"5":{"start":{"line":23,"column":2},"end":{"line":23,"column":13}},"6":{"start":{"line":31,"column":14},"end":{"line":31,"column":40}},"7":{"start":{"line":32,"column":16},"end":{"line":32,"column":25}},"8":{"start":{"line":33,"column":10},"end":{"line":33,"column":17}},"9":{"start":{"line":34,"column":2},"end":{"line":39,"column":3}},"10":{"start":{"line":34,"column":15},"end":{"line":34,"column":18}},"11":{"start":{"line":35,"column":4},"end":{"line":38,"column":5}},"12":{"start":{"line":36,"column":6},"end":{"line":36,"column":10}},"13":{"start":{"line":37,"column":6},"end":{"line":37,"column":23}},"14":{"start":{"line":40,"column":2},"end":{"line":40,"column":26}},"15":{"start":{"line":41,"column":2},"end":{"line":41,"column":15}},"16":{"start":{"line":51,"column":2},"end":{"line":61,"column":3}},"17":{"start":{"line":52,"column":14},"end":{"line":52,"column":48}},"18":{"start":{"line":54,"column":4},"end":{"line":60,"column":5}},"19":{"start":{"line":55,"column":6},"end":{"line":55,"column":49}},"20":{"start":{"line":56,"column":6},"end":{"line":56,"column":18}},"21":{"start":{"line":58,"column":6},"end":{"line":58,"column":50}},"22":{"start":{"line":59,"column":6},"end":{"line":59,"column":19}},"23":{"start":{"line":65,"column":2},"end":{"line":65,"column":27}},"24":{"start":{"line":66,"column":18},"end":{"line":66,"column":42}},"25":{"start":{"line":67,"column":14},"end":{"line":67,"column":51}},"26":{"start":{"line":68,"column":2},"end":{"line":68,"column":34}},"27":{"start":{"line":68,"column":23},"end":{"line":68,"column":34}},"28":{"start":{"line":69,"column":2},"end":{"line":69,"column":52}},"29":{"start":{"line":70,"column":2},"end":{"line":70,"column":13}},"30":{"start":{"line":78,"column":2},"end":{"line":78,"column":27}},"31":{"start":{"line":79,"column":18},"end":{"line":79,"column":42}},"32":{"start":{"line":80,"column":14},"end":{"line":80,"column":51}},"33":{"start":{"line":81,"column":12},"end":{"line":81,"column":22}},"34":{"start":{"line":82,"column":2},"end":{"line":82,"column":25}},"35":{"start":{"line":82,"column":14},"end":{"line":82,"column":25}},"36":{"start":{"line":84,"column":16},"end":{"line":84,"column":18}},"37":{"start":{"line":85,"column":2},"end":{"line":85,"column":16}},"38":{"start":{"line":86,"column":2},"end":{"line":86,"column":20}},"39":{"start":{"line":88,"column":14},"end":{"line":88,"column":40}},"40":{"start":{"line":90,"column":2},"end":{"line":107,"column":3}},"41":{"start":{"line":91,"column":17},"end":{"line":91,"column":28}},"42":{"start":{"line":92,"column":16},"end":{"line":92,"column":27}},"43":{"start":{"line":93,"column":4},"end":{"line":93,"column":30}},"44":{"start":{"line":93,"column":21},"end":{"line":93,"column":30}},"45":{"start":{"line":94,"column":14},"end":{"line":94,"column":44}},"46":{"start":{"line":96,"column":4},"end":{"line":106,"column":5}},"47":{"start":{"line":97,"column":6},"end":{"line":97,"column":22}},"48":{"start":{"line":98,"column":6},"end":{"line":98,"column":24}},"49":{"start":{"line":99,"column":6},"end":{"line":99,"column":24}},"50":{"start":{"line":100,"column":6},"end":{"line":100,"column":23}},"51":{"start":{"line":102,"column":6},"end":{"line":102,"column":24}},"52":{"start":{"line":103,"column":6},"end":{"line":103,"column":23}},"53":{"start":{"line":104,"column":6},"end":{"line":104,"column":22}},"54":{"start":{"line":105,"column":6},"end":{"line":105,"column":24}},"55":{"start":{"line":109,"column":2},"end":{"line":109,"column":13}},"56":{"start":{"line":112,"column":0},"end":{"line":116,"column":2}}},"fnMap":{"0":{"name":"_defaultCompare","decl":{"start":{"line":12,"column":9},"end":{"line":12,"column":24}},"loc":{"start":{"line":12,"column":31},"end":{"line":14,"column":1}},"line":12},"1":{"name":"_validateArray","decl":{"start":{"line":16,"column":9},"end":{"line":16,"column":23}},"loc":{"start":{"line":16,"column":29},"end":{"line":18,"column":1}},"line":16},"2":{"name":"_swap","decl":{"start":{"line":20,"column":9},"end":{"line":20,"column":14}},"loc":{"start":{"line":20,"column":26},"end":{"line":24,"column":1}},"line":20},"3":{"name":"partition","decl":{"start":{"line":30,"column":9},"end":{"line":30,"column":18}},"loc":{"start":{"line":30,"column":44},"end":{"line":42,"column":1}},"line":30},"4":{"name":"_recursiveHelper","decl":{"start":{"line":50,"column":9},"end":{"line":50,"column":25}},"loc":{"start":{"line":50,"column":51},"end":{"line":62,"column":1}},"line":50},"5":{"name":"recursiveQuickSort","decl":{"start":{"line":64,"column":9},"end":{"line":64,"column":27}},"loc":{"start":{"line":64,"column":61},"end":{"line":71,"column":1}},"line":64},"6":{"name":"iterativeQuickSort","decl":{"start":{"line":77,"column":9},"end":{"line":77,"column":27}},"loc":{"start":{"line":77,"column":61},"end":{"line":110,"column":1}},"line":77}},"branchMap":{"0":{"loc":{"start":{"line":17,"column":2},"end":{"line":17,"column":73}},"type":"if","locations":[{"start":{"line":17,"column":2},"end":{"line":17,"column":73}},{"start":{},"end":{}}],"line":17},"1":{"loc":{"start":{"line":31,"column":14},"end":{"line":31,"column":40}},"type":"binary-expr","locations":[{"start":{"line":31,"column":14},"end":{"line":31,"column":21}},{"start":{"line":31,"column":25},"end":{"line":31,"column":40}}],"line":31},"2":{"loc":{"start":{"line":35,"column":4},"end":{"line":38,"column":5}},"type":"if","locations":[{"start":{"line":35,"column":4},"end":{"line":38,"column":5}},{"start":{},"end":{}}],"line":35},"3":{"loc":{"start":{"line":54,"column":4},"end":{"line":60,"column":5}},"type":"if","locations":[{"start":{"line":54,"column":4},"end":{"line":60,"column":5}},{"start":{"line":57,"column":11},"end":{"line":60,"column":5}}],"line":54},"4":{"loc":{"start":{"line":64,"column":47},"end":{"line":64,"column":59}},"type":"default-arg","locations":[{"start":{"line":64,"column":57},"end":{"line":64,"column":59}}],"line":64},"5":{"loc":{"start":{"line":67,"column":14},"end":{"line":67,"column":51}},"type":"cond-expr","locations":[{"start":{"line":67,"column":24},"end":{"line":67,"column":32}},{"start":{"line":67,"column":35},"end":{"line":67,"column":51}}],"line":67},"6":{"loc":{"start":{"line":68,"column":2},"end":{"line":68,"column":34}},"type":"if","locations":[{"start":{"line":68,"column":2},"end":{"line":68,"column":34}},{"start":{},"end":{}}],"line":68},"7":{"loc":{"start":{"line":77,"column":47},"end":{"line":77,"column":59}},"type":"default-arg","locations":[{"start":{"line":77,"column":57},"end":{"line":77,"column":59}}],"line":77},"8":{"loc":{"start":{"line":80,"column":14},"end":{"line":80,"column":51}},"type":"cond-expr","locations":[{"start":{"line":80,"column":24},"end":{"line":80,"column":32}},{"start":{"line":80,"column":35},"end":{"line":80,"column":51}}],"line":80},"9":{"loc":{"start":{"line":82,"column":2},"end":{"line":82,"column":25}},"type":"if","locations":[{"start":{"line":82,"column":2},"end":{"line":82,"column":25}},{"start":{},"end":{}}],"line":82},"10":{"loc":{"start":{"line":88,"column":14},"end":{"line":88,"column":40}},"type":"binary-expr","locations":[{"start":{"line":88,"column":14},"end":{"line":88,"column":21}},{"start":{"line":88,"column":25},"end":{"line":88,"column":40}}],"line":88},"11":{"loc":{"start":{"line":93,"column":4},"end":{"line":93,"column":30}},"type":"if","locations":[{"start":{"line":93,"column":4},"end":{"line":93,"column":30}},{"start":{},"end":{}}],"line":93},"12":{"loc":{"start":{"line":96,"column":4},"end":{"line":106,"column":5}},"type":"if","locations":[{"start":{"line":96,"column":4},"end":{"line":106,"column":5}},{"start":{"line":101,"column":11},"end":{"line":106,"column":5}}],"line":96}},"s":{"0":22760,"1":14,"2":0,"3":11760,"4":11760,"5":11760,"6":1514,"7":1514,"8":1514,"9":1514,"10":1514,"11":22760,"12":10246,"13":10246,"14":1514,"15":1514,"16":763,"17":757,"18":757,"19":349,"20":349,"21":408,"22":408,"23":7,"24":7,"25":7,"26":7,"27":1,"28":6,"29":6,"30":7,"31":7,"32":7,"33":7,"34":7,"35":1,"36":6,"37":6,"38":6,"39":6,"40":6,"41":1520,"42":1520,"43":1520,"44":763,"45":757,"46":757,"47":352,"48":352,"49":352,"50":352,"51":405,"52":405,"53":405,"54":405,"55":6,"56":1},"f":{"0":22760,"1":14,"2":11760,"3":1514,"4":763,"5":7,"6":7},"b":{"0":[0,14],"1":[1514,757],"2":[10246,12514],"3":[349,408],"4":[7],"5":[0,7],"6":[1,6],"7":[7],"8":[0,7],"9":[1,6],"10":[6,6],"11":[763,757],"12":[352,405]},"_coverageSchema":"1a1c01bbd47fc00a2c39e90264f33305004495a9","hash":"8e0a4bb0016347b55dd5d88dd673b27b77662a1c"}
}
