TN:
SF:src\quicksort.js
FN:12,_defaultCompare
FN:16,_validateArray
FN:20,_swap
FN:30,partition
FN:50,_recursiveHelper
FN:64,recursiveQuickSort
FN:77,iterativeQuickSort
FNF:7
FNH:7
FNDA:22760,_defaultCompare
FNDA:14,_validateArray
FNDA:11760,_swap
FNDA:1514,partition
FNDA:763,_recursiveHelper
FNDA:7,recursiveQuickSort
FNDA:7,iterativeQuickSort
DA:13,22760
DA:17,14
DA:21,11760
DA:22,11760
DA:23,11760
DA:31,1514
DA:32,1514
DA:33,1514
DA:34,1514
DA:35,22760
DA:36,10246
DA:37,10246
DA:40,1514
DA:41,1514
DA:51,763
DA:52,757
DA:54,757
DA:55,349
DA:56,349
DA:58,408
DA:59,408
DA:65,7
DA:66,7
DA:67,7
DA:68,7
DA:69,6
DA:70,6
DA:78,7
DA:79,7
DA:80,7
DA:81,7
DA:82,7
DA:84,6
DA:85,6
DA:86,6
DA:88,6
DA:90,6
DA:91,1520
DA:92,1520
DA:93,1520
DA:94,757
DA:96,757
DA:97,352
DA:98,352
DA:99,352
DA:100,352
DA:102,405
DA:103,405
DA:104,405
DA:105,405
DA:109,6
DA:112,1
LF:52
LH:52
BRDA:17,0,0,0
BRDA:17,0,1,14
BRDA:31,1,0,1514
BRDA:31,1,1,757
BRDA:35,2,0,10246
BRDA:35,2,1,12514
BRDA:54,3,0,349
BRDA:54,3,1,408
BRDA:64,4,0,7
BRDA:67,5,0,0
BRDA:67,5,1,7
BRDA:68,6,0,1
BRDA:68,6,1,6
BRDA:77,7,0,7
BRDA:80,8,0,0
BRDA:80,8,1,7
BRDA:82,9,0,1
BRDA:82,9,1,6
BRDA:88,10,0,6
BRDA:88,10,1,6
BRDA:93,11,0,763
BRDA:93,11,1,757
BRDA:96,12,0,352
BRDA:96,12,1,405
BRF:24
BRH:21
end_of_record
